Sun Apr 30 09:38:33 2023: Server starts
Sun Apr 30 09:38:49 2023: Server starts
Sun Apr 30 09:42:32 2023: Server starts
Sun Apr 30 09:42:36 2023: Connection from 127.0.0.1:63780
Sun Apr 30 09:42:36 2023: Connection from 127.0.0.1:63781
Sun Apr 30 09:42:36 2023: get / http/1.1
Sun Apr 30 09:42:36 2023: Sending response header 200
Sun Apr 30 09:42:36 2023: Response sent
Sun Apr 30 09:42:36 2023: get /favicon.ico http/1.1
Sun Apr 30 09:42:36 2023: Sending response header 404
Sun Apr 30 09:42:36 2023: Response sent
Sun Apr 30 09:42:39 2023: Sun Apr 30 09:42:39 2023: Connection closed
Connection closed
Sun Apr 30 09:42:45 2023: Connection from 127.0.0.1:63800
Sun Apr 30 09:42:45 2023: get / http/1.1
Sun Apr 30 09:42:45 2023: Sending response header 200
Sun Apr 30 09:42:45 2023: Response sent
Sun Apr 30 09:42:46 2023: get /favicon.ico http/1.1
Sun Apr 30 09:42:46 2023: Sending response header 404
Sun Apr 30 09:42:46 2023: Response sent
Sun Apr 30 09:42:47 2023: Connection closed
Sun Apr 30 09:42:49 2023: Server shut down
